[debug] [2024-08-25T16:00:17.637Z] ----------------------------------------------------------------------
[debug] [2024-08-25T16:00:17.638Z] Command:       /opt/homebrew/Cellar/node/22.6.0/bin/node /opt/homebrew/bin/firebase login:ci
[debug] [2024-08-25T16:00:17.638Z] CLI Version:   13.15.4
[debug] [2024-08-25T16:00:17.638Z] Platform:      darwin
[debug] [2024-08-25T16:00:17.638Z] Node Version:  v22.6.0
[debug] [2024-08-25T16:00:17.639Z] Time:          Sun Aug 25 2024 23:00:17 GMT+0700 (Indochina Time)
[debug] [2024-08-25T16:00:17.639Z] ----------------------------------------------------------------------
[debug] 
[debug] [2024-08-25T16:00:17.640Z] >>> [apiv2][query] GET https://firebase-public.firebaseio.com/cli.json [none]
[warn] ⚠  Authenticating with a `login:ci` token is deprecated and will be removed in a future major version of `firebase-tools`. Instead, use a service account key with `GOOGLE_APPLICATION_CREDENTIALS`: https://cloud.google.com/docs/authentication/getting-started 
[info] 
[info] Visit this URL on this device to log in:
[info] https://accounts.google.com/o/oauth2/auth?client_id=563584335869-fgrhgmd47bqnekij5i8b5pr03ho849e6.apps.googleusercontent.com&scope=email%20openid%20https%3A%2F%2Fwww.googleapis.com%2Fauth%2Fcloudplatformprojects.readonly%20https%3A%2F%2Fwww.googleapis.com%2Fauth%2Ffirebase%20https%3A%2F%2Fwww.googleapis.com%2Fauth%2Fcloud-platform&response_type=code&state=17205598&redirect_uri=http%3A%2F%2Flocalhost%3A9005
[info] 
[info] Waiting for authentication...
[debug] [2024-08-25T16:00:18.493Z] <<< [apiv2][status] GET https://firebase-public.firebaseio.com/cli.json 200
[debug] [2024-08-25T16:00:18.493Z] <<< [apiv2][body] GET https://firebase-public.firebaseio.com/cli.json {"cloudBuildErrorAfter":1594252800000,"cloudBuildWarnAfter":1590019200000,"defaultNode10After":1594252800000,"minVersion":"3.0.5","node8DeploysDisabledAfter":1613390400000,"node8RuntimeDisabledAfter":1615809600000,"node8WarnAfter":1600128000000}
[warn] ⚠  Unable to fetch the CLI MOTD and remote config. This is not a fatal error, but may indicate an issue with your network connection. 
[debug] [2024-08-25T16:00:18.494Z] Failed to fetch MOTD Error: EACCES: permission denied, mkdir '/Users/minhtuan/.config/configstore'
You don't have access to this file.

